  input.cpp
  jello.cpp
C:\Users\manas\MyFiles\USC\Academics\CSCI520\Assignments\JelloCube\openGL-headers.h(5,10): error C1083: Cannot open include file: 'GL/freeglut.h': No such file or directory
C:\Users\manas\MyFiles\USC\Academics\CSCI520\Assignments\JelloCube\openGL-headers.h(5,10): error C1083: Cannot open include file: 'GL/freeglut.h': No such file or directory
  physics.cpp
C:\Users\manas\MyFiles\USC\Academics\CSCI520\Assignments\JelloCube\openGL-headers.h(5,10): error C1083: Cannot open include file: 'GL/freeglut.h': No such file or directory
  pic.cpp
C:\Users\manas\MyFiles\USC\Academics\CSCI520\Assignments\JelloCube\pic.cpp(55,15): error C4996: 'fopen': This function or variable may be unsafe. Consider using fopen_s instead. To disable deprecation, use _CRT_SECURE_NO_WARNINGS. See online help for details.
C:\Users\manas\MyFiles\USC\Academics\CSCI520\Assignments\JelloCube\pic.cpp(52,17): warning C4101: 'byte': unreferenced local variable
C:\Users\manas\MyFiles\USC\Academics\CSCI520\Assignments\JelloCube\pic.cpp(53,9): warning C4101: 'i': unreferenced local variable
  ppm.cpp
C:\Users\manas\MyFiles\USC\Academics\CSCI520\Assignments\JelloCube\ppm.cpp(47,15): error C4996: 'fopen': This function or variable may be unsafe. Consider using fopen_s instead. To disable deprecation, use _CRT_SECURE_NO_WARNINGS. See online help for details.
C:\Users\manas\MyFiles\USC\Academics\CSCI520\Assignments\JelloCube\ppm.cpp(57,9): error C4996: 'sscanf': This function or variable may be unsafe. Consider using sscanf_s instead. To disable deprecation, use _CRT_SECURE_NO_WARNINGS. See online help for details.
C:\Users\manas\MyFiles\USC\Academics\CSCI520\Assignments\JelloCube\ppm.cpp(58,2): error C4996: 'sscanf': This function or variable may be unsafe. Consider using sscanf_s instead. To disable deprecation, use _CRT_SECURE_NO_WARNINGS. See online help for details.
C:\Users\manas\MyFiles\USC\Academics\CSCI520\Assignments\JelloCube\ppm.cpp(80,15): error C4996: 'fopen': This function or variable may be unsafe. Consider using fopen_s instead. To disable deprecation, use _CRT_SECURE_NO_WARNINGS. See online help for details.
C:\Users\manas\MyFiles\USC\Academics\CSCI520\Assignments\JelloCube\ppm.cpp(91,9): error C4996: 'sscanf': This function or variable may be unsafe. Consider using sscanf_s instead. To disable deprecation, use _CRT_SECURE_NO_WARNINGS. See online help for details.
C:\Users\manas\MyFiles\USC\Academics\CSCI520\Assignments\JelloCube\ppm.cpp(92,2): error C4996: 'sscanf': This function or variable may be unsafe. Consider using sscanf_s instead. To disable deprecation, use _CRT_SECURE_NO_WARNINGS. See online help for details.
C:\Users\manas\MyFiles\USC\Academics\CSCI520\Assignments\JelloCube\ppm.cpp(93,2): error C4996: 'sscanf': This function or variable may be unsafe. Consider using sscanf_s instead. To disable deprecation, use _CRT_SECURE_NO_WARNINGS. See online help for details.
C:\Users\manas\MyFiles\USC\Academics\CSCI520\Assignments\JelloCube\ppm.cpp(130,11): error C4996: 'fopen': This function or variable may be unsafe. Consider using fopen_s instead. To disable deprecation, use _CRT_SECURE_NO_WARNINGS. See online help for details.
  showCube.cpp
C:\Users\manas\MyFiles\USC\Academics\CSCI520\Assignments\JelloCube\openGL-headers.h(5,10): error C1083: Cannot open include file: 'GL/freeglut.h': No such file or directory
  Generating Code...
